2018-04-12 17:26:17,175 [main] INFO  com.madman.servicetest.SystemUserServiceTest - Starting SystemUserServiceTest on xt-test8 with PID 18776 (started by Administrator in D:\ywj\springBoot\madman)
2018-04-12 17:26:17,177 [main] INFO  com.madman.servicetest.SystemUserServiceTest - No active profile set, falling back to default profiles: default
2018-04-12 17:26:17,391 [main] INFO  org.springframework.web.context.support.GenericWebApplicationContext - Refreshing org.springframework.web.context.support.GenericWebApplicationContext@32ccc5: startup date [Thu Apr 12 17:26:17 CST 2018]; root of context hierarchy
2018-04-12 17:26:20,664 [main] INFO  org.springframework.web.servlet.handler.SimpleUrlHandlerMapping - Mapped URL path [/**/favicon.ico] onto handler of type [class org.springframework.web.servlet.resource.ResourceHttpRequestHandler]
2018-04-12 17:26:21,116 [main] INFO  o.springframework.web.servlet.mvc.method.annotation.RequestMappingHandlerAdapter - Looking for @ControllerAdvice: org.springframework.web.context.support.GenericWebApplicationContext@32ccc5: startup date [Thu Apr 12 17:26:17 CST 2018]; root of context hierarchy
2018-04-12 17:26:21,295 [main] INFO  o.springframework.web.servlet.mvc.method.annotation.RequestMappingHandlerMapping - Mapped "{[/error]}" onto public org.springframework.http.ResponseEntity<java.util.Map<java.lang.String, java.lang.Object>> org.springframework.boot.autoconfigure.web.servlet.error.BasicErrorController.error(javax.servlet.http.HttpServletRequest)
2018-04-12 17:26:21,297 [main] INFO  o.springframework.web.servlet.mvc.method.annotation.RequestMappingHandlerMapping - Mapped "{[/error],produces=[text/html]}" onto public org.springframework.web.servlet.ModelAndView org.springframework.boot.autoconfigure.web.servlet.error.BasicErrorController.errorHtml(javax.servlet.http.HttpServletRequest,javax.servlet.http.HttpServletResponse)
2018-04-12 17:26:21,346 [main] INFO  org.springframework.web.servlet.handler.SimpleUrlHandlerMapping - Mapped URL path [/webjars/**] onto handler of type [class org.springframework.web.servlet.resource.ResourceHttpRequestHandler]
2018-04-12 17:26:21,347 [main] INFO  org.springframework.web.servlet.handler.SimpleUrlHandlerMapping - Mapped URL path [/**] onto handler of type [class org.springframework.web.servlet.resource.ResourceHttpRequestHandler]
2018-04-12 17:26:23,397 [main] INFO  com.madman.servicetest.SystemUserServiceTest - Started SystemUserServiceTest in 7.579 seconds (JVM running for 9.745)
2018-04-12 17:26:24,087 [Thread-2] INFO  org.springframework.web.context.support.GenericWebApplicationContext - Closing org.springframework.web.context.support.GenericWebApplicationContext@32ccc5: startup date [Thu Apr 12 17:26:17 CST 2018]; root of context hierarchy
2018-04-12 17:27:56,547 [main] INFO  com.madman.servicetest.SystemUserServiceTest - Starting SystemUserServiceTest on xt-test8 with PID 20052 (started by Administrator in D:\ywj\springBoot\madman)
2018-04-12 17:27:56,549 [main] INFO  com.madman.servicetest.SystemUserServiceTest - No active profile set, falling back to default profiles: default
2018-04-12 17:27:56,605 [main] INFO  org.springframework.web.context.support.GenericWebApplicationContext - Refreshing org.springframework.web.context.support.GenericWebApplicationContext@12ff4da: startup date [Thu Apr 12 17:27:56 CST 2018]; root of context hierarchy
2018-04-12 17:27:58,707 [main] INFO  org.springframework.web.servlet.handler.SimpleUrlHandlerMapping - Mapped URL path [/**/favicon.ico] onto handler of type [class org.springframework.web.servlet.resource.ResourceHttpRequestHandler]
2018-04-12 17:27:59,093 [main] INFO  o.springframework.web.servlet.mvc.method.annotation.RequestMappingHandlerAdapter - Looking for @ControllerAdvice: org.springframework.web.context.support.GenericWebApplicationContext@12ff4da: startup date [Thu Apr 12 17:27:56 CST 2018]; root of context hierarchy
2018-04-12 17:27:59,235 [main] INFO  o.springframework.web.servlet.mvc.method.annotation.RequestMappingHandlerMapping - Mapped "{[/error]}" onto public org.springframework.http.ResponseEntity<java.util.Map<java.lang.String, java.lang.Object>> org.springframework.boot.autoconfigure.web.servlet.error.BasicErrorController.error(javax.servlet.http.HttpServletRequest)
2018-04-12 17:27:59,237 [main] INFO  o.springframework.web.servlet.mvc.method.annotation.RequestMappingHandlerMapping - Mapped "{[/error],produces=[text/html]}" onto public org.springframework.web.servlet.ModelAndView org.springframework.boot.autoconfigure.web.servlet.error.BasicErrorController.errorHtml(javax.servlet.http.HttpServletRequest,javax.servlet.http.HttpServletResponse)
2018-04-12 17:27:59,358 [main] INFO  org.springframework.web.servlet.handler.SimpleUrlHandlerMapping - Mapped URL path [/webjars/**] onto handler of type [class org.springframework.web.servlet.resource.ResourceHttpRequestHandler]
2018-04-12 17:27:59,358 [main] INFO  org.springframework.web.servlet.handler.SimpleUrlHandlerMapping - Mapped URL path [/**] onto handler of type [class org.springframework.web.servlet.resource.ResourceHttpRequestHandler]
2018-04-12 17:28:00,432 [main] INFO  com.madman.servicetest.SystemUserServiceTest - Started SystemUserServiceTest in 4.664 seconds (JVM running for 6.208)
2018-04-12 17:28:00,661 [Thread-2] INFO  org.springframework.web.context.support.GenericWebApplicationContext - Closing org.springframework.web.context.support.GenericWebApplicationContext@12ff4da: startup date [Thu Apr 12 17:27:56 CST 2018]; root of context hierarchy
2018-04-12 17:28:46,299 [main] INFO  com.madman.servicetest.SystemUserServiceTest - Starting SystemUserServiceTest on xt-test8 with PID 17684 (started by Administrator in D:\ywj\springBoot\madman)
2018-04-12 17:28:46,301 [main] INFO  com.madman.servicetest.SystemUserServiceTest - No active profile set, falling back to default profiles: default
2018-04-12 17:28:46,380 [main] INFO  org.springframework.web.context.support.GenericWebApplicationContext - Refreshing org.springframework.web.context.support.GenericWebApplicationContext@58e535: startup date [Thu Apr 12 17:28:46 CST 2018]; root of context hierarchy
2018-04-12 17:28:49,001 [main] INFO  org.springframework.web.servlet.handler.SimpleUrlHandlerMapping - Mapped URL path [/**/favicon.ico] onto handler of type [class org.springframework.web.servlet.resource.ResourceHttpRequestHandler]
2018-04-12 17:28:49,496 [main] INFO  o.springframework.web.servlet.mvc.method.annotation.RequestMappingHandlerAdapter - Looking for @ControllerAdvice: org.springframework.web.context.support.GenericWebApplicationContext@58e535: startup date [Thu Apr 12 17:28:46 CST 2018]; root of context hierarchy
2018-04-12 17:28:49,687 [main] INFO  o.springframework.web.servlet.mvc.method.annotation.RequestMappingHandlerMapping - Mapped "{[/error]}" onto public org.springframework.http.ResponseEntity<java.util.Map<java.lang.String, java.lang.Object>> org.springframework.boot.autoconfigure.web.servlet.error.BasicErrorController.error(javax.servlet.http.HttpServletRequest)
2018-04-12 17:28:49,689 [main] INFO  o.springframework.web.servlet.mvc.method.annotation.RequestMappingHandlerMapping - Mapped "{[/error],produces=[text/html]}" onto public org.springframework.web.servlet.ModelAndView org.springframework.boot.autoconfigure.web.servlet.error.BasicErrorController.errorHtml(javax.servlet.http.HttpServletRequest,javax.servlet.http.HttpServletResponse)
2018-04-12 17:28:49,749 [main] INFO  org.springframework.web.servlet.handler.SimpleUrlHandlerMapping - Mapped URL path [/webjars/**] onto handler of type [class org.springframework.web.servlet.resource.ResourceHttpRequestHandler]
2018-04-12 17:28:49,749 [main] INFO  org.springframework.web.servlet.handler.SimpleUrlHandlerMapping - Mapped URL path [/**] onto handler of type [class org.springframework.web.servlet.resource.ResourceHttpRequestHandler]
2018-04-12 17:28:51,151 [main] INFO  com.madman.servicetest.SystemUserServiceTest - Started SystemUserServiceTest in 5.788 seconds (JVM running for 8.443)
2018-04-12 17:29:26,125 [Thread-2] INFO  org.springframework.web.context.support.GenericWebApplicationContext - Closing org.springframework.web.context.support.GenericWebApplicationContext@58e535: startup date [Thu Apr 12 17:28:46 CST 2018]; root of context hierarchy
2018-04-12 17:29:29,483 [main] INFO  com.madman.servicetest.SystemUserServiceTest - Starting SystemUserServiceTest on xt-test8 with PID 19780 (started by Administrator in D:\ywj\springBoot\madman)
2018-04-12 17:29:29,485 [main] INFO  com.madman.servicetest.SystemUserServiceTest - No active profile set, falling back to default profiles: default
2018-04-12 17:29:29,566 [main] INFO  org.springframework.web.context.support.GenericWebApplicationContext - Refreshing org.springframework.web.context.support.GenericWebApplicationContext@1157787: startup date [Thu Apr 12 17:29:29 CST 2018]; root of context hierarchy
2018-04-12 17:29:32,114 [main] INFO  org.springframework.web.servlet.handler.SimpleUrlHandlerMapping - Mapped URL path [/**/favicon.ico] onto handler of type [class org.springframework.web.servlet.resource.ResourceHttpRequestHandler]
2018-04-12 17:29:32,621 [main] INFO  o.springframework.web.servlet.mvc.method.annotation.RequestMappingHandlerAdapter - Looking for @ControllerAdvice: org.springframework.web.context.support.GenericWebApplicationContext@1157787: startup date [Thu Apr 12 17:29:29 CST 2018]; root of context hierarchy
2018-04-12 17:29:32,837 [main] INFO  o.springframework.web.servlet.mvc.method.annotation.RequestMappingHandlerMapping - Mapped "{[/error]}" onto public org.springframework.http.ResponseEntity<java.util.Map<java.lang.String, java.lang.Object>> org.springframework.boot.autoconfigure.web.servlet.error.BasicErrorController.error(javax.servlet.http.HttpServletRequest)
2018-04-12 17:29:32,839 [main] INFO  o.springframework.web.servlet.mvc.method.annotation.RequestMappingHandlerMapping - Mapped "{[/error],produces=[text/html]}" onto public org.springframework.web.servlet.ModelAndView org.springframework.boot.autoconfigure.web.servlet.error.BasicErrorController.errorHtml(javax.servlet.http.HttpServletRequest,javax.servlet.http.HttpServletResponse)
2018-04-12 17:29:32,998 [main] INFO  org.springframework.web.servlet.handler.SimpleUrlHandlerMapping - Mapped URL path [/webjars/**] onto handler of type [class org.springframework.web.servlet.resource.ResourceHttpRequestHandler]
2018-04-12 17:29:32,999 [main] INFO  org.springframework.web.servlet.handler.SimpleUrlHandlerMapping - Mapped URL path [/**] onto handler of type [class org.springframework.web.servlet.resource.ResourceHttpRequestHandler]
2018-04-12 17:29:34,296 [main] INFO  com.madman.servicetest.SystemUserServiceTest - Started SystemUserServiceTest in 5.742 seconds (JVM running for 7.537)
2018-04-12 17:30:29,371 [main] INFO  com.madman.servicetest.SystemUserServiceTest - Starting SystemUserServiceTest on xt-test8 with PID 20136 (started by Administrator in D:\ywj\springBoot\madman)
2018-04-12 17:30:29,373 [main] INFO  com.madman.servicetest.SystemUserServiceTest - No active profile set, falling back to default profiles: default
2018-04-12 17:30:29,432 [main] INFO  org.springframework.web.context.support.GenericWebApplicationContext - Refreshing org.springframework.web.context.support.GenericWebApplicationContext@12ff4da: startup date [Thu Apr 12 17:30:29 CST 2018]; root of context hierarchy
2018-04-12 17:30:31,543 [main] INFO  org.springframework.web.servlet.handler.SimpleUrlHandlerMapping - Mapped URL path [/**/favicon.ico] onto handler of type [class org.springframework.web.servlet.resource.ResourceHttpRequestHandler]
2018-04-12 17:30:31,956 [main] INFO  o.springframework.web.servlet.mvc.method.annotation.RequestMappingHandlerAdapter - Looking for @ControllerAdvice: org.springframework.web.context.support.GenericWebApplicationContext@12ff4da: startup date [Thu Apr 12 17:30:29 CST 2018]; root of context hierarchy
2018-04-12 17:30:32,102 [main] INFO  o.springframework.web.servlet.mvc.method.annotation.RequestMappingHandlerMapping - Mapped "{[/error]}" onto public org.springframework.http.ResponseEntity<java.util.Map<java.lang.String, java.lang.Object>> org.springframework.boot.autoconfigure.web.servlet.error.BasicErrorController.error(javax.servlet.http.HttpServletRequest)
2018-04-12 17:30:32,104 [main] INFO  o.springframework.web.servlet.mvc.method.annotation.RequestMappingHandlerMapping - Mapped "{[/error],produces=[text/html]}" onto public org.springframework.web.servlet.ModelAndView org.springframework.boot.autoconfigure.web.servlet.error.BasicErrorController.errorHtml(javax.servlet.http.HttpServletRequest,javax.servlet.http.HttpServletResponse)
2018-04-12 17:30:32,152 [main] INFO  org.springframework.web.servlet.handler.SimpleUrlHandlerMapping - Mapped URL path [/webjars/**] onto handler of type [class org.springframework.web.servlet.resource.ResourceHttpRequestHandler]
2018-04-12 17:30:32,152 [main] INFO  org.springframework.web.servlet.handler.SimpleUrlHandlerMapping - Mapped URL path [/**] onto handler of type [class org.springframework.web.servlet.resource.ResourceHttpRequestHandler]
2018-04-12 17:30:33,432 [main] INFO  com.madman.servicetest.SystemUserServiceTest - Started SystemUserServiceTest in 4.862 seconds (JVM running for 6.423)
2018-04-12 17:30:33,649 [Thread-2] INFO  org.springframework.web.context.support.GenericWebApplicationContext - Closing org.springframework.web.context.support.GenericWebApplicationContext@12ff4da: startup date [Thu Apr 12 17:30:29 CST 2018]; root of context hierarchy
2018-04-12 17:32:25,552 [main] INFO  com.madman.servicetest.SystemUserServiceTest - Starting SystemUserServiceTest on xt-test8 with PID 15296 (started by Administrator in D:\ywj\springBoot\madman)
2018-04-12 17:32:25,554 [main] INFO  com.madman.servicetest.SystemUserServiceTest - No active profile set, falling back to default profiles: default
2018-04-12 17:32:25,617 [main] INFO  org.springframework.web.context.support.GenericWebApplicationContext - Refreshing org.springframework.web.context.support.GenericWebApplicationContext@12ff4da: startup date [Thu Apr 12 17:32:25 CST 2018]; root of context hierarchy
2018-04-12 17:32:27,776 [main] INFO  org.springframework.web.servlet.handler.SimpleUrlHandlerMapping - Mapped URL path [/**/favicon.ico] onto handler of type [class org.springframework.web.servlet.resource.ResourceHttpRequestHandler]
2018-04-12 17:32:28,176 [main] INFO  o.springframework.web.servlet.mvc.method.annotation.RequestMappingHandlerAdapter - Looking for @ControllerAdvice: org.springframework.web.context.support.GenericWebApplicationContext@12ff4da: startup date [Thu Apr 12 17:32:25 CST 2018]; root of context hierarchy
2018-04-12 17:32:28,319 [main] INFO  o.springframework.web.servlet.mvc.method.annotation.RequestMappingHandlerMapping - Mapped "{[/error]}" onto public org.springframework.http.ResponseEntity<java.util.Map<java.lang.String, java.lang.Object>> org.springframework.boot.autoconfigure.web.servlet.error.BasicErrorController.error(javax.servlet.http.HttpServletRequest)
2018-04-12 17:32:28,321 [main] INFO  o.springframework.web.servlet.mvc.method.annotation.RequestMappingHandlerMapping - Mapped "{[/error],produces=[text/html]}" onto public org.springframework.web.servlet.ModelAndView org.springframework.boot.autoconfigure.web.servlet.error.BasicErrorController.errorHtml(javax.servlet.http.HttpServletRequest,javax.servlet.http.HttpServletResponse)
2018-04-12 17:32:28,366 [main] INFO  org.springframework.web.servlet.handler.SimpleUrlHandlerMapping - Mapped URL path [/webjars/**] onto handler of type [class org.springframework.web.servlet.resource.ResourceHttpRequestHandler]
2018-04-12 17:32:28,367 [main] INFO  org.springframework.web.servlet.handler.SimpleUrlHandlerMapping - Mapped URL path [/**] onto handler of type [class org.springframework.web.servlet.resource.ResourceHttpRequestHandler]
2018-04-12 17:32:29,528 [main] INFO  com.madman.servicetest.SystemUserServiceTest - Started SystemUserServiceTest in 4.774 seconds (JVM running for 6.234)
2018-04-12 17:32:29,740 [Thread-2] INFO  org.springframework.web.context.support.GenericWebApplicationContext - Closing org.springframework.web.context.support.GenericWebApplicationContext@12ff4da: startup date [Thu Apr 12 17:32:25 CST 2018]; root of context hierarchy
2018-04-12 17:34:47,746 [main] INFO  com.madman.servicetest.SystemUserServiceTest - Starting SystemUserServiceTest on xt-test8 with PID 20180 (started by Administrator in D:\ywj\springBoot\madman)
2018-04-12 17:34:47,749 [main] INFO  com.madman.servicetest.SystemUserServiceTest - No active profile set, falling back to default profiles: default
2018-04-12 17:34:47,811 [main] INFO  org.springframework.web.context.support.GenericWebApplicationContext - Refreshing org.springframework.web.context.support.GenericWebApplicationContext@12ff4da: startup date [Thu Apr 12 17:34:47 CST 2018]; root of context hierarchy
2018-04-12 17:34:50,382 [main] INFO  org.springframework.web.servlet.handler.SimpleUrlHandlerMapping - Mapped URL path [/**/favicon.ico] onto handler of type [class org.springframework.web.servlet.resource.ResourceHttpRequestHandler]
2018-04-12 17:34:50,835 [main] INFO  o.springframework.web.servlet.mvc.method.annotation.RequestMappingHandlerAdapter - Looking for @ControllerAdvice: org.springframework.web.context.support.GenericWebApplicationContext@12ff4da: startup date [Thu Apr 12 17:34:47 CST 2018]; root of context hierarchy
2018-04-12 17:34:50,975 [main] INFO  o.springframework.web.servlet.mvc.method.annotation.RequestMappingHandlerMapping - Mapped "{[/error]}" onto public org.springframework.http.ResponseEntity<java.util.Map<java.lang.String, java.lang.Object>> org.springframework.boot.autoconfigure.web.servlet.error.BasicErrorController.error(javax.servlet.http.HttpServletRequest)
2018-04-12 17:34:50,978 [main] INFO  o.springframework.web.servlet.mvc.method.annotation.RequestMappingHandlerMapping - Mapped "{[/error],produces=[text/html]}" onto public org.springframework.web.servlet.ModelAndView org.springframework.boot.autoconfigure.web.servlet.error.BasicErrorController.errorHtml(javax.servlet.http.HttpServletRequest,javax.servlet.http.HttpServletResponse)
2018-04-12 17:34:51,023 [main] INFO  org.springframework.web.servlet.handler.SimpleUrlHandlerMapping - Mapped URL path [/webjars/**] onto handler of type [class org.springframework.web.servlet.resource.ResourceHttpRequestHandler]
2018-04-12 17:34:51,023 [main] INFO  org.springframework.web.servlet.handler.SimpleUrlHandlerMapping - Mapped URL path [/**] onto handler of type [class org.springframework.web.servlet.resource.ResourceHttpRequestHandler]
2018-04-12 17:34:51,631 [main] INFO  com.madman.servicetest.SystemUserServiceTest - Started SystemUserServiceTest in 4.679 seconds (JVM running for 6.215)
2018-04-12 17:34:51,914 [main] INFO  com.zaxxer.hikari.HikariDataSource - HikariPool-1 - Starting...
2018-04-12 17:34:52,455 [main] INFO  com.zaxxer.hikari.HikariDataSource - HikariPool-1 - Start completed.
2018-04-12 17:34:52,538 [main] INFO  com.madman.servicetest.SystemUserServiceTest - sss张三
2018-04-12 17:34:52,545 [Thread-2] INFO  org.springframework.web.context.support.GenericWebApplicationContext - Closing org.springframework.web.context.support.GenericWebApplicationContext@12ff4da: startup date [Thu Apr 12 17:34:47 CST 2018]; root of context hierarchy
2018-04-12 17:34:52,550 [Thread-2] INFO  com.zaxxer.hikari.HikariDataSource - HikariPool-1 - Shutdown initiated...
2018-04-12 17:34:52,555 [Thread-2] INFO  com.zaxxer.hikari.HikariDataSource - HikariPool-1 - Shutdown completed.
